0 info it worked if it ends with ok
1 verbose cli [ '/usr/bin/node', '/usr/bin/npm', 'run', 'pack' ]
2 info using npm@3.5.2
3 info using node@v8.10.0
4 verbose run-script [ 'prepack', 'pack', 'postpack' ]
5 info lifecycle msgr-content@0.0.0~prepack: msgr-content@0.0.0
6 silly lifecycle msgr-content@0.0.0~prepack: no script for prepack, continuing
7 info lifecycle msgr-content@0.0.0~pack: msgr-content@0.0.0
8 verbose lifecycle msgr-content@0.0.0~pack: unsafe-perm in lifecycle true
9 verbose lifecycle msgr-content@0.0.0~pack: PATH: /usr/share/npm/bin/node-gyp-bin:/home/fischer/code/cs340_final_project/content/node_modules/.bin:/home/fischer/.local/bin:/usr/local/sbin:/usr/local/bin:/usr/sbin:/usr/bin:/sbin:/bin:/usr/games:/usr/local/games:/home/fischer/.local/bin:/home/fischer/.npm-global/bin:/home/fischer/.rbenv/bin:/home/fischer/.local/bin:/home/fischer/.npm-global/bin:/home/fischer/.rbenv/bin
10 verbose lifecycle msgr-content@0.0.0~pack: CWD: /home/fischer/code/cs340_final_project/content
11 silly lifecycle msgr-content@0.0.0~pack: Args: [ '-c', 'webpack --mode=production' ]
12 silly lifecycle msgr-content@0.0.0~pack: Returned: code: 2  signal: null
13 info lifecycle msgr-content@0.0.0~pack: Failed to exec pack script
14 verbose stack Error: msgr-content@0.0.0 pack: `webpack --mode=production`
14 verbose stack Exit status 2
14 verbose stack     at EventEmitter.<anonymous> (/usr/share/npm/lib/utils/lifecycle.js:232:16)
14 verbose stack     at emitTwo (events.js:126:13)
14 verbose stack     at EventEmitter.emit (events.js:214:7)
14 verbose stack     at ChildProcess.<anonymous> (/usr/share/npm/lib/utils/spawn.js:24:14)
14 verbose stack     at emitTwo (events.js:126:13)
14 verbose stack     at ChildProcess.emit (events.js:214:7)
14 verbose stack     at maybeClose (internal/child_process.js:925:16)
14 verbose stack     at Process.ChildProcess._handle.onexit (internal/child_process.js:209:5)
15 verbose pkgid msgr-content@0.0.0
16 verbose cwd /home/fischer/code/cs340_final_project/content
17 error Linux 4.15.0-20-generic
18 error argv "/usr/bin/node" "/usr/bin/npm" "run" "pack"
19 error node v8.10.0
20 error npm  v3.5.2
21 error code ELIFECYCLE
22 error msgr-content@0.0.0 pack: `webpack --mode=production`
22 error Exit status 2
23 error Failed at the msgr-content@0.0.0 pack script 'webpack --mode=production'.
23 error Make sure you have the latest version of node.js and npm installed.
23 error If you do, this is most likely a problem with the msgr-content package,
23 error not with npm itself.
23 error Tell the author that this fails on your system:
23 error     webpack --mode=production
23 error You can get information on how to open an issue for this project with:
23 error     npm bugs msgr-content
23 error Or if that isn't available, you can get their info via:
23 error     npm owner ls msgr-content
23 error There is likely additional logging output above.
24 verbose exit [ 1, true ]
